The target system is: Generic - 4.0.99 - arm
The host system is: Darwin - 25.4.0 - arm64
Compiling the C compiler identification source file "CMakeCCompilerId.c" succeeded.
Compiler: /opt/nordic/ncs/toolchains/ef4fc6722e/opt/zephyr-sdk/arm-zephyr-eabi/bin/arm-zephyr-eabi-gcc 
Build flags: 
Id flags: -c 

The output was:
0


Compilation of the C compiler identification source "CMakeCCompilerId.c" produced "CMakeCCompilerId.o"

The C compiler identification is GNU, found in "/opt/nordic/ncs/v3.0.0/nrf/samples/bluetooth/peripheral_lbs/build/ipc_radio/CMakeFiles/3.21.0/CompilerIdC/CMakeCCompilerId.o"

Compiling the CXX compiler identification source file "CMakeCXXCompilerId.cpp" succeeded.
Compiler: /opt/nordic/ncs/toolchains/ef4fc6722e/opt/zephyr-sdk/arm-zephyr-eabi/bin/arm-zephyr-eabi-g++ 
Build flags: 
Id flags: -c 

The output was:
0


Compilation of the CXX compiler identification source "CMakeCXXCompilerId.cpp" produced "CMakeCXXCompilerId.o"

The CXX compiler identification is GNU, found in "/opt/nordic/ncs/v3.0.0/nrf/samples/bluetooth/peripheral_lbs/build/ipc_radio/CMakeFiles/3.21.0/CompilerIdCXX/CMakeCXXCompilerId.o"

Checking whether the ASM compiler is GNU using "--version" matched "(GNU assembler)|(GCC)|(Free Software Foundation)":
arm-zephyr-eabi-gcc (Zephyr SDK 0.17.0) 12.2.0
Copyright (C) 2022 Free Software Foundation, Inc.
This is free software; see the source for copying conditions.  There is NO
warranty; not even for MERCHANTABILITY or FITNESS FOR A PARTICULAR PURPOSE.

Performing C SOURCE FILE Test check_fmacro_prefix_map__opt_nordic_ncs_v3_0_0_nrf_applications_ipc_radio_CMAKE_SOURCE_DIR_C__nostartfiles__nostdlib__isystem___opt_nordic_ncs_toolchains_ef4fc6722e_opt_zephyr_sdk_arm_zephyr_eabi_bin____lib_gcc_arm_zephyr_eabi_12_2_0_include___isystem___opt_nordic_ncs_toolchains_ef4fc6722e_opt_zephyr_sdk_arm_zephyr_eabi_bin____lib_gcc_arm_zephyr_eabi_12_2_0_include_fixed___Wl___unresolved_symbols_ignore_in_object_files__Wl___entry_0__fuse_ld_bfd succeeded with the following output:
Change Dir: /opt/nordic/ncs/v3.0.0/nrf/samples/bluetooth/peripheral_lbs/build/ipc_radio/CMakeFiles/CMakeTmp

Run Build Command(s):/opt/nordic/ncs/toolchains/ef4fc6722e/bin/ninja cmTC_10921 && [1/2] Building C object CMakeFiles/cmTC_10921.dir/src.c.obj
[2/2] Linking C executable cmTC_10921


Source file was:
int main(void) { return 0; }
Determining if files stdatomic.h exist passed with the following output:
Change Dir: /opt/nordic/ncs/v3.0.0/nrf/samples/bluetooth/peripheral_lbs/build/ipc_radio/CMakeFiles/CMakeTmp

Run Build Command(s):/opt/nordic/ncs/toolchains/ef4fc6722e/bin/ninja cmTC_a1a98 && [1/2] Building C object CMakeFiles/cmTC_a1a98.dir/HAVE_STDATOMIC_H.c.obj
[2/2] Linking C executable cmTC_a1a98
arm-zephyr-eabi-gcc: warning: CMakeFiles/cmTC_a1a98.dir/HAVE_STDATOMIC_H.c.obj: linker input file unused because linking not done



Determining if files fcntl.h exist passed with the following output:
Change Dir: /opt/nordic/ncs/v3.0.0/nrf/samples/bluetooth/peripheral_lbs/build/ipc_radio/CMakeFiles/CMakeTmp

Run Build Command(s):/opt/nordic/ncs/toolchains/ef4fc6722e/bin/ninja cmTC_6f9cc && [1/2] Building C object CMakeFiles/cmTC_6f9cc.dir/HAVE_FCNTL_H.c.obj
[2/2] Linking C executable cmTC_6f9cc
arm-zephyr-eabi-gcc: warning: CMakeFiles/cmTC_6f9cc.dir/HAVE_FCNTL_H.c.obj: linker input file unused because linking not done



