The target system is: Generic - 4.0.99 - arm
The host system is: Darwin - 25.4.0 - arm64
Compiling the C compiler identification source file "CMakeCCompilerId.c" succeeded.
Compiler: /opt/nordic/ncs/toolchains/ef4fc6722e/opt/zephyr-sdk/arm-zephyr-eabi/bin/arm-zephyr-eabi-gcc 
Build flags: 
Id flags: -c 

The output was:
0


Compilation of the C compiler identification source "CMakeCCompilerId.c" produced "CMakeCCompilerId.o"

The C compiler identification is GNU, found in "/opt/nordic/ncs/v3.0.0/nrf/samples/bluetooth/peripheral_lbs/build/peripheral_lbs/CMakeFiles/3.21.0/CompilerIdC/CMakeCCompilerId.o"

Compiling the CXX compiler identification source file "CMakeCXXCompilerId.cpp" succeeded.
Compiler: /opt/nordic/ncs/toolchains/ef4fc6722e/opt/zephyr-sdk/arm-zephyr-eabi/bin/arm-zephyr-eabi-g++ 
Build flags: 
Id flags: -c 

The output was:
0


Compilation of the CXX compiler identification source "CMakeCXXCompilerId.cpp" produced "CMakeCXXCompilerId.o"

The CXX compiler identification is GNU, found in "/opt/nordic/ncs/v3.0.0/nrf/samples/bluetooth/peripheral_lbs/build/peripheral_lbs/CMakeFiles/3.21.0/CompilerIdCXX/CMakeCXXCompilerId.o"

Checking whether the ASM compiler is GNU using "--version" matched "(GNU assembler)|(GCC)|(Free Software Foundation)":
arm-zephyr-eabi-gcc (Zephyr SDK 0.17.0) 12.2.0
Copyright (C) 2022 Free Software Foundation, Inc.
This is free software; see the source for copying conditions.  There is NO
warranty; not even for MERCHANTABILITY or FITNESS FOR A PARTICULAR PURPOSE.

Performing C SOURCE FILE Test check_fmacro_prefix_map__opt_nordic_ncs_v3_0_0_nrf_samples_bluetooth_peripheral_lbs_CMAKE_SOURCE_DIR_C__nostartfiles__nostdlib__isystem___opt_nordic_ncs_toolchains_ef4fc6722e_opt_zephyr_sdk_arm_zephyr_eabi_bin____lib_gcc_arm_zephyr_eabi_12_2_0_include___isystem___opt_nordic_ncs_toolchains_ef4fc6722e_opt_zephyr_sdk_arm_zephyr_eabi_bin____lib_gcc_arm_zephyr_eabi_12_2_0_include_fixed___Wl___unresolved_symbols_ignore_in_object_files__Wl___entry_0__fuse_ld_bfd succeeded with the following output:
Change Dir: /opt/nordic/ncs/v3.0.0/nrf/samples/bluetooth/peripheral_lbs/build/peripheral_lbs/CMakeFiles/CMakeTmp

Run Build Command(s):/opt/nordic/ncs/toolchains/ef4fc6722e/bin/ninja cmTC_30995 && [1/2] Building C object CMakeFiles/cmTC_30995.dir/src.c.obj
[2/2] Linking C executable cmTC_30995


Source file was:
int main(void) { return 0; }
Determining if files stdatomic.h exist passed with the following output:
Change Dir: /opt/nordic/ncs/v3.0.0/nrf/samples/bluetooth/peripheral_lbs/build/peripheral_lbs/CMakeFiles/CMakeTmp

Run Build Command(s):/opt/nordic/ncs/toolchains/ef4fc6722e/bin/ninja cmTC_c67b9 && [1/2] Building C object CMakeFiles/cmTC_c67b9.dir/HAVE_STDATOMIC_H.c.obj
[2/2] Linking C executable cmTC_c67b9
arm-zephyr-eabi-gcc: warning: CMakeFiles/cmTC_c67b9.dir/HAVE_STDATOMIC_H.c.obj: linker input file unused because linking not done



Determining if files fcntl.h exist passed with the following output:
Change Dir: /opt/nordic/ncs/v3.0.0/nrf/samples/bluetooth/peripheral_lbs/build/peripheral_lbs/CMakeFiles/CMakeTmp

Run Build Command(s):/opt/nordic/ncs/toolchains/ef4fc6722e/bin/ninja cmTC_8e8d1 && [1/2] Building C object CMakeFiles/cmTC_8e8d1.dir/HAVE_FCNTL_H.c.obj
[2/2] Linking C executable cmTC_8e8d1
arm-zephyr-eabi-gcc: warning: CMakeFiles/cmTC_8e8d1.dir/HAVE_FCNTL_H.c.obj: linker input file unused because linking not done



Performing C SOURCE FILE Test check_C__c__nostartfiles__nostdlib__isystem___opt_nordic_ncs_toolchains_ef4fc6722e_opt_zephyr_sdk_arm_zephyr_eabi_bin____lib_gcc_arm_zephyr_eabi_12_2_0_include___isystem___opt_nordic_ncs_toolchains_ef4fc6722e_opt_zephyr_sdk_arm_zephyr_eabi_bin____lib_gcc_arm_zephyr_eabi_12_2_0_include_fixed___Wl___unresolved_symbols_ignore_in_object_files__Wl___entry_0__fuse_ld_bfd succeeded with the following output:
Change Dir: /opt/nordic/ncs/v3.0.0/nrf/samples/bluetooth/peripheral_lbs/build/peripheral_lbs/CMakeFiles/CMakeTmp

Run Build Command(s):/opt/nordic/ncs/toolchains/ef4fc6722e/bin/ninja cmTC_4b0e5 && [1/2] Building C object CMakeFiles/cmTC_4b0e5.dir/src.c.obj
[2/2] Linking C executable cmTC_4b0e5
arm-zephyr-eabi-gcc: warning: CMakeFiles/cmTC_4b0e5.dir/src.c.obj: linker input file unused because linking not done


Source file was:
int main(void) { return 0; }
Performing C SOURCE FILE Test check_Wall_C__c__nostartfiles__nostdlib__isystem___opt_nordic_ncs_toolchains_ef4fc6722e_opt_zephyr_sdk_arm_zephyr_eabi_bin____lib_gcc_arm_zephyr_eabi_12_2_0_include___isystem___opt_nordic_ncs_toolchains_ef4fc6722e_opt_zephyr_sdk_arm_zephyr_eabi_bin____lib_gcc_arm_zephyr_eabi_12_2_0_include_fixed___Wl___unresolved_symbols_ignore_in_object_files__Wl___entry_0__fuse_ld_bfd succeeded with the following output:
Change Dir: /opt/nordic/ncs/v3.0.0/nrf/samples/bluetooth/peripheral_lbs/build/peripheral_lbs/CMakeFiles/CMakeTmp

Run Build Command(s):/opt/nordic/ncs/toolchains/ef4fc6722e/bin/ninja cmTC_0dc3e && [1/2] Building C object CMakeFiles/cmTC_0dc3e.dir/src.c.obj
[2/2] Linking C executable cmTC_0dc3e
arm-zephyr-eabi-gcc: warning: CMakeFiles/cmTC_0dc3e.dir/src.c.obj: linker input file unused because linking not done


Source file was:
int main(void) { return 0; }
Performing C SOURCE FILE Test check_Wformat__Wformat_security_C__c__nostartfiles__nostdlib__isystem___opt_nordic_ncs_toolchains_ef4fc6722e_opt_zephyr_sdk_arm_zephyr_eabi_bin____lib_gcc_arm_zephyr_eabi_12_2_0_include___isystem___opt_nordic_ncs_toolchains_ef4fc6722e_opt_zephyr_sdk_arm_zephyr_eabi_bin____lib_gcc_arm_zephyr_eabi_12_2_0_include_fixed___Wl___unresolved_symbols_ignore_in_object_files__Wl___entry_0__fuse_ld_bfd succeeded with the following output:
Change Dir: /opt/nordic/ncs/v3.0.0/nrf/samples/bluetooth/peripheral_lbs/build/peripheral_lbs/CMakeFiles/CMakeTmp

Run Build Command(s):/opt/nordic/ncs/toolchains/ef4fc6722e/bin/ninja cmTC_b3aec && [1/2] Building C object CMakeFiles/cmTC_b3aec.dir/src.c.obj
[2/2] Linking C executable cmTC_b3aec
arm-zephyr-eabi-gcc: warning: CMakeFiles/cmTC_b3aec.dir/src.c.obj: linker input file unused because linking not done


Source file was:
int main(void) { return 0; }
Performing C SOURCE FILE Test check_Wformat__Wformat_zero_length_C__c__nostartfiles__nostdlib__isystem___opt_nordic_ncs_toolchains_ef4fc6722e_opt_zephyr_sdk_arm_zephyr_eabi_bin____lib_gcc_arm_zephyr_eabi_12_2_0_include___isystem___opt_nordic_ncs_toolchains_ef4fc6722e_opt_zephyr_sdk_arm_zephyr_eabi_bin____lib_gcc_arm_zephyr_eabi_12_2_0_include_fixed___Wl___unresolved_symbols_ignore_in_object_files__Wl___entry_0__fuse_ld_bfd succeeded with the following output:
Change Dir: /opt/nordic/ncs/v3.0.0/nrf/samples/bluetooth/peripheral_lbs/build/peripheral_lbs/CMakeFiles/CMakeTmp

Run Build Command(s):/opt/nordic/ncs/toolchains/ef4fc6722e/bin/ninja cmTC_9ab35 && [1/2] Building C object CMakeFiles/cmTC_9ab35.dir/src.c.obj
[2/2] Linking C executable cmTC_9ab35
arm-zephyr-eabi-gcc: warning: CMakeFiles/cmTC_9ab35.dir/src.c.obj: linker input file unused because linking not done


Source file was:
int main(void) { return 0; }
Performing C SOURCE FILE Test check_Wdouble_promotion_C__c__nostartfiles__nostdlib__isystem___opt_nordic_ncs_toolchains_ef4fc6722e_opt_zephyr_sdk_arm_zephyr_eabi_bin____lib_gcc_arm_zephyr_eabi_12_2_0_include___isystem___opt_nordic_ncs_toolchains_ef4fc6722e_opt_zephyr_sdk_arm_zephyr_eabi_bin____lib_gcc_arm_zephyr_eabi_12_2_0_include_fixed___Wl___unresolved_symbols_ignore_in_object_files__Wl___entry_0__fuse_ld_bfd succeeded with the following output:
Change Dir: /opt/nordic/ncs/v3.0.0/nrf/samples/bluetooth/peripheral_lbs/build/peripheral_lbs/CMakeFiles/CMakeTmp

Run Build Command(s):/opt/nordic/ncs/toolchains/ef4fc6722e/bin/ninja cmTC_339a1 && [1/2] Building C object CMakeFiles/cmTC_339a1.dir/src.c.obj
[2/2] Linking C executable cmTC_339a1
arm-zephyr-eabi-gcc: warning: CMakeFiles/cmTC_339a1.dir/src.c.obj: linker input file unused because linking not done


Source file was:
int main(void) { return 0; }
Performing C SOURCE FILE Test check_Wpointer_sign_C__c__nostartfiles__nostdlib__isystem___opt_nordic_ncs_toolchains_ef4fc6722e_opt_zephyr_sdk_arm_zephyr_eabi_bin____lib_gcc_arm_zephyr_eabi_12_2_0_include___isystem___opt_nordic_ncs_toolchains_ef4fc6722e_opt_zephyr_sdk_arm_zephyr_eabi_bin____lib_gcc_arm_zephyr_eabi_12_2_0_include_fixed___Wl___unresolved_symbols_ignore_in_object_files__Wl___entry_0__fuse_ld_bfd succeeded with the following output:
Change Dir: /opt/nordic/ncs/v3.0.0/nrf/samples/bluetooth/peripheral_lbs/build/peripheral_lbs/CMakeFiles/CMakeTmp

Run Build Command(s):/opt/nordic/ncs/toolchains/ef4fc6722e/bin/ninja cmTC_4907a && [1/2] Building C object CMakeFiles/cmTC_4907a.dir/src.c.obj
[2/2] Linking C executable cmTC_4907a
arm-zephyr-eabi-gcc: warning: CMakeFiles/cmTC_4907a.dir/src.c.obj: linker input file unused because linking not done


Source file was:
int main(void) { return 0; }
Performing C SOURCE FILE Test check_Wpointer_arith_C__c__nostartfiles__nostdlib__isystem___opt_nordic_ncs_toolchains_ef4fc6722e_opt_zephyr_sdk_arm_zephyr_eabi_bin____lib_gcc_arm_zephyr_eabi_12_2_0_include___isystem___opt_nordic_ncs_toolchains_ef4fc6722e_opt_zephyr_sdk_arm_zephyr_eabi_bin____lib_gcc_arm_zephyr_eabi_12_2_0_include_fixed___Wl___unresolved_symbols_ignore_in_object_files__Wl___entry_0__fuse_ld_bfd succeeded with the following output:
Change Dir: /opt/nordic/ncs/v3.0.0/nrf/samples/bluetooth/peripheral_lbs/build/peripheral_lbs/CMakeFiles/CMakeTmp

Run Build Command(s):/opt/nordic/ncs/toolchains/ef4fc6722e/bin/ninja cmTC_392d5 && [1/2] Building C object CMakeFiles/cmTC_392d5.dir/src.c.obj
[2/2] Linking C executable cmTC_392d5
arm-zephyr-eabi-gcc: warning: CMakeFiles/cmTC_392d5.dir/src.c.obj: linker input file unused because linking not done


Source file was:
int main(void) { return 0; }
Performing C SOURCE FILE Test check_Wexpansion_to_defined_C__c__nostartfiles__nostdlib__isystem___opt_nordic_ncs_toolchains_ef4fc6722e_opt_zephyr_sdk_arm_zephyr_eabi_bin____lib_gcc_arm_zephyr_eabi_12_2_0_include___isystem___opt_nordic_ncs_toolchains_ef4fc6722e_opt_zephyr_sdk_arm_zephyr_eabi_bin____lib_gcc_arm_zephyr_eabi_12_2_0_include_fixed___Wl___unresolved_symbols_ignore_in_object_files__Wl___entry_0__fuse_ld_bfd succeeded with the following output:
Change Dir: /opt/nordic/ncs/v3.0.0/nrf/samples/bluetooth/peripheral_lbs/build/peripheral_lbs/CMakeFiles/CMakeTmp

Run Build Command(s):/opt/nordic/ncs/toolchains/ef4fc6722e/bin/ninja cmTC_b8c0b && [1/2] Building C object CMakeFiles/cmTC_b8c0b.dir/src.c.obj
[2/2] Linking C executable cmTC_b8c0b
arm-zephyr-eabi-gcc: warning: CMakeFiles/cmTC_b8c0b.dir/src.c.obj: linker input file unused because linking not done


Source file was:
int main(void) { return 0; }
Performing C SOURCE FILE Test check_Wlogical_op_C__c__nostartfiles__nostdlib__isystem___opt_nordic_ncs_toolchains_ef4fc6722e_opt_zephyr_sdk_arm_zephyr_eabi_bin____lib_gcc_arm_zephyr_eabi_12_2_0_include___isystem___opt_nordic_ncs_toolchains_ef4fc6722e_opt_zephyr_sdk_arm_zephyr_eabi_bin____lib_gcc_arm_zephyr_eabi_12_2_0_include_fixed___Wl___unresolved_symbols_ignore_in_object_files__Wl___entry_0__fuse_ld_bfd succeeded with the following output:
Change Dir: /opt/nordic/ncs/v3.0.0/nrf/samples/bluetooth/peripheral_lbs/build/peripheral_lbs/CMakeFiles/CMakeTmp

Run Build Command(s):/opt/nordic/ncs/toolchains/ef4fc6722e/bin/ninja cmTC_1a1f4 && [1/2] Building C object CMakeFiles/cmTC_1a1f4.dir/src.c.obj
[2/2] Linking C executable cmTC_1a1f4
arm-zephyr-eabi-gcc: warning: CMakeFiles/cmTC_1a1f4.dir/src.c.obj: linker input file unused because linking not done


Source file was:
int main(void) { return 0; }
Performing C SOURCE FILE Test check_Wmissing_field_initializers_C__c__nostartfiles__nostdlib__isystem___opt_nordic_ncs_toolchains_ef4fc6722e_opt_zephyr_sdk_arm_zephyr_eabi_bin____lib_gcc_arm_zephyr_eabi_12_2_0_include___isystem___opt_nordic_ncs_toolchains_ef4fc6722e_opt_zephyr_sdk_arm_zephyr_eabi_bin____lib_gcc_arm_zephyr_eabi_12_2_0_include_fixed___Wl___unresolved_symbols_ignore_in_object_files__Wl___entry_0__fuse_ld_bfd succeeded with the following output:
Change Dir: /opt/nordic/ncs/v3.0.0/nrf/samples/bluetooth/peripheral_lbs/build/peripheral_lbs/CMakeFiles/CMakeTmp

Run Build Command(s):/opt/nordic/ncs/toolchains/ef4fc6722e/bin/ninja cmTC_86cdb && [1/2] Building C object CMakeFiles/cmTC_86cdb.dir/src.c.obj
[2/2] Linking C executable cmTC_86cdb
arm-zephyr-eabi-gcc: warning: CMakeFiles/cmTC_86cdb.dir/src.c.obj: linker input file unused because linking not done


Source file was:
int main(void) { return 0; }
Performing C SOURCE FILE Test check_Wpacked_bitfield_compat_C__c__nostartfiles__nostdlib__isystem___opt_nordic_ncs_toolchains_ef4fc6722e_opt_zephyr_sdk_arm_zephyr_eabi_bin____lib_gcc_arm_zephyr_eabi_12_2_0_include___isystem___opt_nordic_ncs_toolchains_ef4fc6722e_opt_zephyr_sdk_arm_zephyr_eabi_bin____lib_gcc_arm_zephyr_eabi_12_2_0_include_fixed___Wl___unresolved_symbols_ignore_in_object_files__Wl___entry_0__fuse_ld_bfd succeeded with the following output:
Change Dir: /opt/nordic/ncs/v3.0.0/nrf/samples/bluetooth/peripheral_lbs/build/peripheral_lbs/CMakeFiles/CMakeTmp

Run Build Command(s):/opt/nordic/ncs/toolchains/ef4fc6722e/bin/ninja cmTC_ff24f && [1/2] Building C object CMakeFiles/cmTC_ff24f.dir/src.c.obj
[2/2] Linking C executable cmTC_ff24f
arm-zephyr-eabi-gcc: warning: CMakeFiles/cmTC_ff24f.dir/src.c.obj: linker input file unused because linking not done


Source file was:
int main(void) { return 0; }
Performing C SOURCE FILE Test check_Wvla_C__c__nostartfiles__nostdlib__isystem___opt_nordic_ncs_toolchains_ef4fc6722e_opt_zephyr_sdk_arm_zephyr_eabi_bin____lib_gcc_arm_zephyr_eabi_12_2_0_include___isystem___opt_nordic_ncs_toolchains_ef4fc6722e_opt_zephyr_sdk_arm_zephyr_eabi_bin____lib_gcc_arm_zephyr_eabi_12_2_0_include_fixed___Wl___unresolved_symbols_ignore_in_object_files__Wl___entry_0__fuse_ld_bfd succeeded with the following output:
Change Dir: /opt/nordic/ncs/v3.0.0/nrf/samples/bluetooth/peripheral_lbs/build/peripheral_lbs/CMakeFiles/CMakeTmp

Run Build Command(s):/opt/nordic/ncs/toolchains/ef4fc6722e/bin/ninja cmTC_3c7c4 && [1/2] Building C object CMakeFiles/cmTC_3c7c4.dir/src.c.obj
[2/2] Linking C executable cmTC_3c7c4
arm-zephyr-eabi-gcc: warning: CMakeFiles/cmTC_3c7c4.dir/src.c.obj: linker input file unused because linking not done


Source file was:
int main(void) { return 0; }
Performing C SOURCE FILE Test check_Wunused_but_set_variable_C__c__nostartfiles__nostdlib__isystem___opt_nordic_ncs_toolchains_ef4fc6722e_opt_zephyr_sdk_arm_zephyr_eabi_bin____lib_gcc_arm_zephyr_eabi_12_2_0_include___isystem___opt_nordic_ncs_toolchains_ef4fc6722e_opt_zephyr_sdk_arm_zephyr_eabi_bin____lib_gcc_arm_zephyr_eabi_12_2_0_include_fixed___Wl___unresolved_symbols_ignore_in_object_files__Wl___entry_0__fuse_ld_bfd succeeded with the following output:
Change Dir: /opt/nordic/ncs/v3.0.0/nrf/samples/bluetooth/peripheral_lbs/build/peripheral_lbs/CMakeFiles/CMakeTmp

Run Build Command(s):/opt/nordic/ncs/toolchains/ef4fc6722e/bin/ninja cmTC_f9bdc && [1/2] Building C object CMakeFiles/cmTC_f9bdc.dir/src.c.obj
[2/2] Linking C executable cmTC_f9bdc
arm-zephyr-eabi-gcc: warning: CMakeFiles/cmTC_f9bdc.dir/src.c.obj: linker input file unused because linking not done


Source file was:
int main(void) { return 0; }
Performing C SOURCE FILE Test check_Werror_implicit_int_C__c__nostartfiles__nostdlib__isystem___opt_nordic_ncs_toolchains_ef4fc6722e_opt_zephyr_sdk_arm_zephyr_eabi_bin____lib_gcc_arm_zephyr_eabi_12_2_0_include___isystem___opt_nordic_ncs_toolchains_ef4fc6722e_opt_zephyr_sdk_arm_zephyr_eabi_bin____lib_gcc_arm_zephyr_eabi_12_2_0_include_fixed___Wl___unresolved_symbols_ignore_in_object_files__Wl___entry_0__fuse_ld_bfd succeeded with the following output:
Change Dir: /opt/nordic/ncs/v3.0.0/nrf/samples/bluetooth/peripheral_lbs/build/peripheral_lbs/CMakeFiles/CMakeTmp

Run Build Command(s):/opt/nordic/ncs/toolchains/ef4fc6722e/bin/ninja cmTC_4f726 && [1/2] Building C object CMakeFiles/cmTC_4f726.dir/src.c.obj
[2/2] Linking C executable cmTC_4f726
arm-zephyr-eabi-gcc: warning: CMakeFiles/cmTC_4f726.dir/src.c.obj: linker input file unused because linking not done


Source file was:
int main(void) { return 0; }
Performing C SOURCE FILE Test check_mstack_protector_guard_global_C__c__nostartfiles__nostdlib__isystem___opt_nordic_ncs_toolchains_ef4fc6722e_opt_zephyr_sdk_arm_zephyr_eabi_bin____lib_gcc_arm_zephyr_eabi_12_2_0_include___isystem___opt_nordic_ncs_toolchains_ef4fc6722e_opt_zephyr_sdk_arm_zephyr_eabi_bin____lib_gcc_arm_zephyr_eabi_12_2_0_include_fixed___Wl___unresolved_symbols_ignore_in_object_files__Wl___entry_0__fuse_ld_bfd succeeded with the following output:
Change Dir: /opt/nordic/ncs/v3.0.0/nrf/samples/bluetooth/peripheral_lbs/build/peripheral_lbs/CMakeFiles/CMakeTmp

Run Build Command(s):/opt/nordic/ncs/toolchains/ef4fc6722e/bin/ninja cmTC_5e8c5 && [1/2] Building C object CMakeFiles/cmTC_5e8c5.dir/src.c.obj
[2/2] Linking C executable cmTC_5e8c5
arm-zephyr-eabi-gcc: warning: CMakeFiles/cmTC_5e8c5.dir/src.c.obj: linker input file unused because linking not done


Source file was:
int main(void) { return 0; }
Performing C SOURCE FILE Test check_fno_freestanding_C__c__nostartfiles__nostdlib__isystem___opt_nordic_ncs_toolchains_ef4fc6722e_opt_zephyr_sdk_arm_zephyr_eabi_bin____lib_gcc_arm_zephyr_eabi_12_2_0_include___isystem___opt_nordic_ncs_toolchains_ef4fc6722e_opt_zephyr_sdk_arm_zephyr_eabi_bin____lib_gcc_arm_zephyr_eabi_12_2_0_include_fixed___Wl___unresolved_symbols_ignore_in_object_files__Wl___entry_0__fuse_ld_bfd succeeded with the following output:
Change Dir: /opt/nordic/ncs/v3.0.0/nrf/samples/bluetooth/peripheral_lbs/build/peripheral_lbs/CMakeFiles/CMakeTmp

Run Build Command(s):/opt/nordic/ncs/toolchains/ef4fc6722e/bin/ninja cmTC_e188b && [1/2] Building C object CMakeFiles/cmTC_e188b.dir/src.c.obj
[2/2] Linking C executable cmTC_e188b
arm-zephyr-eabi-gcc: warning: CMakeFiles/cmTC_e188b.dir/src.c.obj: linker input file unused because linking not done


Source file was:
int main(void) { return 0; }
Performing C SOURCE FILE Test check_ffreestanding_C__c__nostartfiles__nostdlib__isystem___opt_nordic_ncs_toolchains_ef4fc6722e_opt_zephyr_sdk_arm_zephyr_eabi_bin____lib_gcc_arm_zephyr_eabi_12_2_0_include___isystem___opt_nordic_ncs_toolchains_ef4fc6722e_opt_zephyr_sdk_arm_zephyr_eabi_bin____lib_gcc_arm_zephyr_eabi_12_2_0_include_fixed___Wl___unresolved_symbols_ignore_in_object_files__Wl___entry_0__fuse_ld_bfd succeeded with the following output:
Change Dir: /opt/nordic/ncs/v3.0.0/nrf/samples/bluetooth/peripheral_lbs/build/peripheral_lbs/CMakeFiles/CMakeTmp

Run Build Command(s):/opt/nordic/ncs/toolchains/ef4fc6722e/bin/ninja cmTC_84ad2 && [1/2] Building C object CMakeFiles/cmTC_84ad2.dir/src.c.obj
[2/2] Linking C executable cmTC_84ad2
arm-zephyr-eabi-gcc: warning: CMakeFiles/cmTC_84ad2.dir/src.c.obj: linker input file unused because linking not done


Source file was:
int main(void) { return 0; }
Performing C SOURCE FILE Test check_gdwarf_4_C__c__nostartfiles__nostdlib__isystem___opt_nordic_ncs_toolchains_ef4fc6722e_opt_zephyr_sdk_arm_zephyr_eabi_bin____lib_gcc_arm_zephyr_eabi_12_2_0_include___isystem___opt_nordic_ncs_toolchains_ef4fc6722e_opt_zephyr_sdk_arm_zephyr_eabi_bin____lib_gcc_arm_zephyr_eabi_12_2_0_include_fixed___Wl___unresolved_symbols_ignore_in_object_files__Wl___entry_0__fuse_ld_bfd succeeded with the following output:
Change Dir: /opt/nordic/ncs/v3.0.0/nrf/samples/bluetooth/peripheral_lbs/build/peripheral_lbs/CMakeFiles/CMakeTmp

Run Build Command(s):/opt/nordic/ncs/toolchains/ef4fc6722e/bin/ninja cmTC_1a74e && [1/2] Building C object CMakeFiles/cmTC_1a74e.dir/src.c.obj
[2/2] Linking C executable cmTC_1a74e
arm-zephyr-eabi-gcc: warning: CMakeFiles/cmTC_1a74e.dir/src.c.obj: linker input file unused because linking not done


Source file was:
int main(void) { return 0; }
Performing C SOURCE FILE Test check_C__c__nostartfiles__nostdlib__isystem___opt_nordic_ncs_toolchains_ef4fc6722e_opt_zephyr_sdk_arm_zephyr_eabi_bin____lib_gcc_arm_zephyr_eabi_12_2_0_include___isystem___opt_nordic_ncs_toolchains_ef4fc6722e_opt_zephyr_sdk_arm_zephyr_eabi_bin____lib_gcc_arm_zephyr_eabi_12_2_0_include_fixed___Wl___unresolved_symbols_ignore_in_object_files__Wl___entry_0__fuse_ld_bfd__Wl___gc_sections succeeded with the following output:
Change Dir: /opt/nordic/ncs/v3.0.0/nrf/samples/bluetooth/peripheral_lbs/build/peripheral_lbs/CMakeFiles/CMakeTmp

Run Build Command(s):/opt/nordic/ncs/toolchains/ef4fc6722e/bin/ninja cmTC_3873d && [1/2] Building C object CMakeFiles/cmTC_3873d.dir/src.c.obj
[2/2] Linking C executable cmTC_3873d
arm-zephyr-eabi-gcc: warning: CMakeFiles/cmTC_3873d.dir/src.c.obj: linker input file unused because linking not done


Source file was:
int main(void) { return 0; }
Performing C SOURCE FILE Test check_C__c__nostartfiles__nostdlib__isystem___opt_nordic_ncs_toolchains_ef4fc6722e_opt_zephyr_sdk_arm_zephyr_eabi_bin____lib_gcc_arm_zephyr_eabi_12_2_0_include___isystem___opt_nordic_ncs_toolchains_ef4fc6722e_opt_zephyr_sdk_arm_zephyr_eabi_bin____lib_gcc_arm_zephyr_eabi_12_2_0_include_fixed___Wl___unresolved_symbols_ignore_in_object_files__Wl___entry_0__fuse_ld_bfd__Wl___build_id_none succeeded with the following output:
Change Dir: /opt/nordic/ncs/v3.0.0/nrf/samples/bluetooth/peripheral_lbs/build/peripheral_lbs/CMakeFiles/CMakeTmp

Run Build Command(s):/opt/nordic/ncs/toolchains/ef4fc6722e/bin/ninja cmTC_c7dee && [1/2] Building C object CMakeFiles/cmTC_c7dee.dir/src.c.obj
[2/2] Linking C executable cmTC_c7dee
arm-zephyr-eabi-gcc: warning: CMakeFiles/cmTC_c7dee.dir/src.c.obj: linker input file unused because linking not done


Source file was:
int main(void) { return 0; }
Performing C SOURCE FILE Test check_C__c__nostartfiles__nostdlib__isystem___opt_nordic_ncs_toolchains_ef4fc6722e_opt_zephyr_sdk_arm_zephyr_eabi_bin____lib_gcc_arm_zephyr_eabi_12_2_0_include___isystem___opt_nordic_ncs_toolchains_ef4fc6722e_opt_zephyr_sdk_arm_zephyr_eabi_bin____lib_gcc_arm_zephyr_eabi_12_2_0_include_fixed___Wl___unresolved_symbols_ignore_in_object_files__Wl___entry_0__fuse_ld_bfd__nostdlib succeeded with the following output:
Change Dir: /opt/nordic/ncs/v3.0.0/nrf/samples/bluetooth/peripheral_lbs/build/peripheral_lbs/CMakeFiles/CMakeTmp

Run Build Command(s):/opt/nordic/ncs/toolchains/ef4fc6722e/bin/ninja cmTC_e1cef && [1/2] Building C object CMakeFiles/cmTC_e1cef.dir/src.c.obj
[2/2] Linking C executable cmTC_e1cef
arm-zephyr-eabi-gcc: warning: CMakeFiles/cmTC_e1cef.dir/src.c.obj: linker input file unused because linking not done


Source file was:
int main(void) { return 0; }
Performing C SOURCE FILE Test check_C__c__nostartfiles__nostdlib__isystem___opt_nordic_ncs_toolchains_ef4fc6722e_opt_zephyr_sdk_arm_zephyr_eabi_bin____lib_gcc_arm_zephyr_eabi_12_2_0_include___isystem___opt_nordic_ncs_toolchains_ef4fc6722e_opt_zephyr_sdk_arm_zephyr_eabi_bin____lib_gcc_arm_zephyr_eabi_12_2_0_include_fixed___Wl___unresolved_symbols_ignore_in_object_files__Wl___entry_0__fuse_ld_bfd__static succeeded with the following output:
Change Dir: /opt/nordic/ncs/v3.0.0/nrf/samples/bluetooth/peripheral_lbs/build/peripheral_lbs/CMakeFiles/CMakeTmp

Run Build Command(s):/opt/nordic/ncs/toolchains/ef4fc6722e/bin/ninja cmTC_07553 && [1/2] Building C object CMakeFiles/cmTC_07553.dir/src.c.obj
[2/2] Linking C executable cmTC_07553
arm-zephyr-eabi-gcc: warning: CMakeFiles/cmTC_07553.dir/src.c.obj: linker input file unused because linking not done


Source file was:
int main(void) { return 0; }
Performing C SOURCE FILE Test check_C__c__nostartfiles__nostdlib__isystem___opt_nordic_ncs_toolchains_ef4fc6722e_opt_zephyr_sdk_arm_zephyr_eabi_bin____lib_gcc_arm_zephyr_eabi_12_2_0_include___isystem___opt_nordic_ncs_toolchains_ef4fc6722e_opt_zephyr_sdk_arm_zephyr_eabi_bin____lib_gcc_arm_zephyr_eabi_12_2_0_include_fixed___Wl___unresolved_symbols_ignore_in_object_files__Wl___entry_0__fuse_ld_bfd__Wl__X succeeded with the following output:
Change Dir: /opt/nordic/ncs/v3.0.0/nrf/samples/bluetooth/peripheral_lbs/build/peripheral_lbs/CMakeFiles/CMakeTmp

Run Build Command(s):/opt/nordic/ncs/toolchains/ef4fc6722e/bin/ninja cmTC_596b2 && [1/2] Building C object CMakeFiles/cmTC_596b2.dir/src.c.obj
[2/2] Linking C executable cmTC_596b2
arm-zephyr-eabi-gcc: warning: CMakeFiles/cmTC_596b2.dir/src.c.obj: linker input file unused because linking not done


Source file was:
int main(void) { return 0; }
Performing C SOURCE FILE Test check_C__c__nostartfiles__nostdlib__isystem___opt_nordic_ncs_toolchains_ef4fc6722e_opt_zephyr_sdk_arm_zephyr_eabi_bin____lib_gcc_arm_zephyr_eabi_12_2_0_include___isystem___opt_nordic_ncs_toolchains_ef4fc6722e_opt_zephyr_sdk_arm_zephyr_eabi_bin____lib_gcc_arm_zephyr_eabi_12_2_0_include_fixed___Wl___unresolved_symbols_ignore_in_object_files__Wl___entry_0__fuse_ld_bfd__Wl__N succeeded with the following output:
Change Dir: /opt/nordic/ncs/v3.0.0/nrf/samples/bluetooth/peripheral_lbs/build/peripheral_lbs/CMakeFiles/CMakeTmp

Run Build Command(s):/opt/nordic/ncs/toolchains/ef4fc6722e/bin/ninja cmTC_e6ccf && [1/2] Building C object CMakeFiles/cmTC_e6ccf.dir/src.c.obj
[2/2] Linking C executable cmTC_e6ccf
arm-zephyr-eabi-gcc: warning: CMakeFiles/cmTC_e6ccf.dir/src.c.obj: linker input file unused because linking not done


Source file was:
int main(void) { return 0; }
Performing C SOURCE FILE Test check_C__c__nostartfiles__nostdlib__isystem___opt_nordic_ncs_toolchains_ef4fc6722e_opt_zephyr_sdk_arm_zephyr_eabi_bin____lib_gcc_arm_zephyr_eabi_12_2_0_include___isystem___opt_nordic_ncs_toolchains_ef4fc6722e_opt_zephyr_sdk_arm_zephyr_eabi_bin____lib_gcc_arm_zephyr_eabi_12_2_0_include_fixed___Wl___unresolved_symbols_ignore_in_object_files__Wl___entry_0__fuse_ld_bfd__Wl___orphan_handling_warn succeeded with the following output:
Change Dir: /opt/nordic/ncs/v3.0.0/nrf/samples/bluetooth/peripheral_lbs/build/peripheral_lbs/CMakeFiles/CMakeTmp

Run Build Command(s):/opt/nordic/ncs/toolchains/ef4fc6722e/bin/ninja cmTC_fa7f9 && [1/2] Building C object CMakeFiles/cmTC_fa7f9.dir/src.c.obj
[2/2] Linking C executable cmTC_fa7f9
arm-zephyr-eabi-gcc: warning: CMakeFiles/cmTC_fa7f9.dir/src.c.obj: linker input file unused because linking not done


Source file was:
int main(void) { return 0; }
Performing C SOURCE FILE Test check_C__c__nostartfiles__nostdlib__isystem___opt_nordic_ncs_toolchains_ef4fc6722e_opt_zephyr_sdk_arm_zephyr_eabi_bin____lib_gcc_arm_zephyr_eabi_12_2_0_include___isystem___opt_nordic_ncs_toolchains_ef4fc6722e_opt_zephyr_sdk_arm_zephyr_eabi_bin____lib_gcc_arm_zephyr_eabi_12_2_0_include_fixed___Wl___unresolved_symbols_ignore_in_object_files__Wl___entry_0__fuse_ld_bfd__Wl___orphan_handling_error succeeded with the following output:
Change Dir: /opt/nordic/ncs/v3.0.0/nrf/samples/bluetooth/peripheral_lbs/build/peripheral_lbs/CMakeFiles/CMakeTmp

Run Build Command(s):/opt/nordic/ncs/toolchains/ef4fc6722e/bin/ninja cmTC_a240b && [1/2] Building C object CMakeFiles/cmTC_a240b.dir/src.c.obj
[2/2] Linking C executable cmTC_a240b
arm-zephyr-eabi-gcc: warning: CMakeFiles/cmTC_a240b.dir/src.c.obj: linker input file unused because linking not done


Source file was:
int main(void) { return 0; }
Performing C SOURCE FILE Test check_C__c__nostartfiles__nostdlib__isystem___opt_nordic_ncs_toolchains_ef4fc6722e_opt_zephyr_sdk_arm_zephyr_eabi_bin____lib_gcc_arm_zephyr_eabi_12_2_0_include___isystem___opt_nordic_ncs_toolchains_ef4fc6722e_opt_zephyr_sdk_arm_zephyr_eabi_bin____lib_gcc_arm_zephyr_eabi_12_2_0_include_fixed___Wl___unresolved_symbols_ignore_in_object_files__Wl___entry_0__fuse_ld_bfd__Wl___print_memory_usage succeeded with the following output:
Change Dir: /opt/nordic/ncs/v3.0.0/nrf/samples/bluetooth/peripheral_lbs/build/peripheral_lbs/CMakeFiles/CMakeTmp

Run Build Command(s):/opt/nordic/ncs/toolchains/ef4fc6722e/bin/ninja cmTC_83717 && [1/2] Building C object CMakeFiles/cmTC_83717.dir/src.c.obj
[2/2] Linking C executable cmTC_83717
arm-zephyr-eabi-gcc: warning: CMakeFiles/cmTC_83717.dir/src.c.obj: linker input file unused because linking not done


Source file was:
int main(void) { return 0; }
Performing C SOURCE FILE Test check_C__c__nostartfiles__nostdlib__isystem___opt_nordic_ncs_toolchains_ef4fc6722e_opt_zephyr_sdk_arm_zephyr_eabi_bin____lib_gcc_arm_zephyr_eabi_12_2_0_include___isystem___opt_nordic_ncs_toolchains_ef4fc6722e_opt_zephyr_sdk_arm_zephyr_eabi_bin____lib_gcc_arm_zephyr_eabi_12_2_0_include_fixed___Wl___unresolved_symbols_ignore_in_object_files__Wl___entry_0__fuse_ld_bfd__Wl___no_relax succeeded with the following output:
Change Dir: /opt/nordic/ncs/v3.0.0/nrf/samples/bluetooth/peripheral_lbs/build/peripheral_lbs/CMakeFiles/CMakeTmp

Run Build Command(s):/opt/nordic/ncs/toolchains/ef4fc6722e/bin/ninja cmTC_eb26c && [1/2] Building C object CMakeFiles/cmTC_eb26c.dir/src.c.obj
[2/2] Linking C executable cmTC_eb26c
arm-zephyr-eabi-gcc: warning: CMakeFiles/cmTC_eb26c.dir/src.c.obj: linker input file unused because linking not done


Source file was:
int main(void) { return 0; }
Performing C SOURCE FILE Test check_C__c__nostartfiles__nostdlib__isystem___opt_nordic_ncs_toolchains_ef4fc6722e_opt_zephyr_sdk_arm_zephyr_eabi_bin____lib_gcc_arm_zephyr_eabi_12_2_0_include___isystem___opt_nordic_ncs_toolchains_ef4fc6722e_opt_zephyr_sdk_arm_zephyr_eabi_bin____lib_gcc_arm_zephyr_eabi_12_2_0_include_fixed___Wl___unresolved_symbols_ignore_in_object_files__Wl___entry_0__fuse_ld_bfd__Wl___sort_common_descending succeeded with the following output:
Change Dir: /opt/nordic/ncs/v3.0.0/nrf/samples/bluetooth/peripheral_lbs/build/peripheral_lbs/CMakeFiles/CMakeTmp

Run Build Command(s):/opt/nordic/ncs/toolchains/ef4fc6722e/bin/ninja cmTC_e49fb && [1/2] Building C object CMakeFiles/cmTC_e49fb.dir/src.c.obj
[2/2] Linking C executable cmTC_e49fb
arm-zephyr-eabi-gcc: warning: CMakeFiles/cmTC_e49fb.dir/src.c.obj: linker input file unused because linking not done


Source file was:
int main(void) { return 0; }
Performing C SOURCE FILE Test check_C__c__nostartfiles__nostdlib__isystem___opt_nordic_ncs_toolchains_ef4fc6722e_opt_zephyr_sdk_arm_zephyr_eabi_bin____lib_gcc_arm_zephyr_eabi_12_2_0_include___isystem___opt_nordic_ncs_toolchains_ef4fc6722e_opt_zephyr_sdk_arm_zephyr_eabi_bin____lib_gcc_arm_zephyr_eabi_12_2_0_include_fixed___Wl___unresolved_symbols_ignore_in_object_files__Wl___entry_0__fuse_ld_bfd__Wl___sort_section_alignment succeeded with the following output:
Change Dir: /opt/nordic/ncs/v3.0.0/nrf/samples/bluetooth/peripheral_lbs/build/peripheral_lbs/CMakeFiles/CMakeTmp

Run Build Command(s):/opt/nordic/ncs/toolchains/ef4fc6722e/bin/ninja cmTC_17124 && [1/2] Building C object CMakeFiles/cmTC_17124.dir/src.c.obj
[2/2] Linking C executable cmTC_17124
arm-zephyr-eabi-gcc: warning: CMakeFiles/cmTC_17124.dir/src.c.obj: linker input file unused because linking not done


Source file was:
int main(void) { return 0; }
Performing C SOURCE FILE Test check_C__c__nostartfiles__nostdlib__isystem___opt_nordic_ncs_toolchains_ef4fc6722e_opt_zephyr_sdk_arm_zephyr_eabi_bin____lib_gcc_arm_zephyr_eabi_12_2_0_include___isystem___opt_nordic_ncs_toolchains_ef4fc6722e_opt_zephyr_sdk_arm_zephyr_eabi_bin____lib_gcc_arm_zephyr_eabi_12_2_0_include_fixed___Wl___unresolved_symbols_ignore_in_object_files__Wl___entry_0__fuse_ld_bfd__pg succeeded with the following output:
Change Dir: /opt/nordic/ncs/v3.0.0/nrf/samples/bluetooth/peripheral_lbs/build/peripheral_lbs/CMakeFiles/CMakeTmp

Run Build Command(s):/opt/nordic/ncs/toolchains/ef4fc6722e/bin/ninja cmTC_d3758 && [1/2] Building C object CMakeFiles/cmTC_d3758.dir/src.c.obj
[2/2] Linking C executable cmTC_d3758
arm-zephyr-eabi-gcc: warning: CMakeFiles/cmTC_d3758.dir/src.c.obj: linker input file unused because linking not done


Source file was:
int main(void) { return 0; }
Performing C SOURCE FILE Test check_C__c__nostartfiles__nostdlib__isystem___opt_nordic_ncs_toolchains_ef4fc6722e_opt_zephyr_sdk_arm_zephyr_eabi_bin____lib_gcc_arm_zephyr_eabi_12_2_0_include___isystem___opt_nordic_ncs_toolchains_ef4fc6722e_opt_zephyr_sdk_arm_zephyr_eabi_bin____lib_gcc_arm_zephyr_eabi_12_2_0_include_fixed___Wl___unresolved_symbols_ignore_in_object_files__Wl___entry_0__fuse_ld_bfd__mcpu_cortex_m33__mthumb__mabi_aapcs__mfp16_format_ieee__mtp_soft__fuse_ld_bfd succeeded with the following output:
Change Dir: /opt/nordic/ncs/v3.0.0/nrf/samples/bluetooth/peripheral_lbs/build/peripheral_lbs/CMakeFiles/CMakeTmp

Run Build Command(s):/opt/nordic/ncs/toolchains/ef4fc6722e/bin/ninja cmTC_6fbb4 && [1/2] Building C object CMakeFiles/cmTC_6fbb4.dir/src.c.obj
[2/2] Linking C executable cmTC_6fbb4
arm-zephyr-eabi-gcc: warning: CMakeFiles/cmTC_6fbb4.dir/src.c.obj: linker input file unused because linking not done


Source file was:
int main(void) { return 0; }
Performing C SOURCE FILE Test check_fno_asynchronous_unwind_tables_C__c__nostartfiles__nostdlib__isystem___opt_nordic_ncs_toolchains_ef4fc6722e_opt_zephyr_sdk_arm_zephyr_eabi_bin____lib_gcc_arm_zephyr_eabi_12_2_0_include___isystem___opt_nordic_ncs_toolchains_ef4fc6722e_opt_zephyr_sdk_arm_zephyr_eabi_bin____lib_gcc_arm_zephyr_eabi_12_2_0_include_fixed___Wl___unresolved_symbols_ignore_in_object_files__Wl___entry_0__fuse_ld_bfd succeeded with the following output:
Change Dir: /opt/nordic/ncs/v3.0.0/nrf/samples/bluetooth/peripheral_lbs/build/peripheral_lbs/CMakeFiles/CMakeTmp

Run Build Command(s):/opt/nordic/ncs/toolchains/ef4fc6722e/bin/ninja cmTC_fb1d9 && [1/2] Building C object CMakeFiles/cmTC_fb1d9.dir/src.c.obj
[2/2] Linking C executable cmTC_fb1d9
arm-zephyr-eabi-gcc: warning: CMakeFiles/cmTC_fb1d9.dir/src.c.obj: linker input file unused because linking not done


Source file was:
int main(void) { return 0; }
Performing C SOURCE FILE Test check_ftls_model_local_exec_C__c__nostartfiles__nostdlib__isystem___opt_nordic_ncs_toolchains_ef4fc6722e_opt_zephyr_sdk_arm_zephyr_eabi_bin____lib_gcc_arm_zephyr_eabi_12_2_0_include___isystem___opt_nordic_ncs_toolchains_ef4fc6722e_opt_zephyr_sdk_arm_zephyr_eabi_bin____lib_gcc_arm_zephyr_eabi_12_2_0_include_fixed___Wl___unresolved_symbols_ignore_in_object_files__Wl___entry_0__fuse_ld_bfd succeeded with the following output:
Change Dir: /opt/nordic/ncs/v3.0.0/nrf/samples/bluetooth/peripheral_lbs/build/peripheral_lbs/CMakeFiles/CMakeTmp

Run Build Command(s):/opt/nordic/ncs/toolchains/ef4fc6722e/bin/ninja cmTC_ecee6 && [1/2] Building C object CMakeFiles/cmTC_ecee6.dir/src.c.obj
[2/2] Linking C executable cmTC_ecee6
arm-zephyr-eabi-gcc: warning: CMakeFiles/cmTC_ecee6.dir/src.c.obj: linker input file unused because linking not done


Source file was:
int main(void) { return 0; }
Performing C SOURCE FILE Test check_fno_reorder_functions_C__c__nostartfiles__nostdlib__isystem___opt_nordic_ncs_toolchains_ef4fc6722e_opt_zephyr_sdk_arm_zephyr_eabi_bin____lib_gcc_arm_zephyr_eabi_12_2_0_include___isystem___opt_nordic_ncs_toolchains_ef4fc6722e_opt_zephyr_sdk_arm_zephyr_eabi_bin____lib_gcc_arm_zephyr_eabi_12_2_0_include_fixed___Wl___unresolved_symbols_ignore_in_object_files__Wl___entry_0__fuse_ld_bfd succeeded with the following output:
Change Dir: /opt/nordic/ncs/v3.0.0/nrf/samples/bluetooth/peripheral_lbs/build/peripheral_lbs/CMakeFiles/CMakeTmp

Run Build Command(s):/opt/nordic/ncs/toolchains/ef4fc6722e/bin/ninja cmTC_ff1ee && [1/2] Building C object CMakeFiles/cmTC_ff1ee.dir/src.c.obj
[2/2] Linking C executable cmTC_ff1ee
arm-zephyr-eabi-gcc: warning: CMakeFiles/cmTC_ff1ee.dir/src.c.obj: linker input file unused because linking not done


Source file was:
int main(void) { return 0; }
Performing C SOURCE FILE Test check__param_min_pagesize_0_C__c__nostartfiles__nostdlib__isystem___opt_nordic_ncs_toolchains_ef4fc6722e_opt_zephyr_sdk_arm_zephyr_eabi_bin____lib_gcc_arm_zephyr_eabi_12_2_0_include___isystem___opt_nordic_ncs_toolchains_ef4fc6722e_opt_zephyr_sdk_arm_zephyr_eabi_bin____lib_gcc_arm_zephyr_eabi_12_2_0_include_fixed___Wl___unresolved_symbols_ignore_in_object_files__Wl___entry_0__fuse_ld_bfd succeeded with the following output:
Change Dir: /opt/nordic/ncs/v3.0.0/nrf/samples/bluetooth/peripheral_lbs/build/peripheral_lbs/CMakeFiles/CMakeTmp

Run Build Command(s):/opt/nordic/ncs/toolchains/ef4fc6722e/bin/ninja cmTC_97c57 && [1/2] Building C object CMakeFiles/cmTC_97c57.dir/src.c.obj
[2/2] Linking C executable cmTC_97c57
arm-zephyr-eabi-gcc: warning: CMakeFiles/cmTC_97c57.dir/src.c.obj: linker input file unused because linking not done


Source file was:
int main(void) { return 0; }
Performing C SOURCE FILE Test check_fno_defer_pop_C__c__nostartfiles__nostdlib__isystem___opt_nordic_ncs_toolchains_ef4fc6722e_opt_zephyr_sdk_arm_zephyr_eabi_bin____lib_gcc_arm_zephyr_eabi_12_2_0_include___isystem___opt_nordic_ncs_toolchains_ef4fc6722e_opt_zephyr_sdk_arm_zephyr_eabi_bin____lib_gcc_arm_zephyr_eabi_12_2_0_include_fixed___Wl___unresolved_symbols_ignore_in_object_files__Wl___entry_0__fuse_ld_bfd succeeded with the following output:
Change Dir: /opt/nordic/ncs/v3.0.0/nrf/samples/bluetooth/peripheral_lbs/build/peripheral_lbs/CMakeFiles/CMakeTmp

Run Build Command(s):/opt/nordic/ncs/toolchains/ef4fc6722e/bin/ninja cmTC_d776c && [1/2] Building C object CMakeFiles/cmTC_d776c.dir/src.c.obj
[2/2] Linking C executable cmTC_d776c
arm-zephyr-eabi-gcc: warning: CMakeFiles/cmTC_d776c.dir/src.c.obj: linker input file unused because linking not done


Source file was:
int main(void) { return 0; }
Performing C SOURCE FILE Test check_fmacro_prefix_map__opt_nordic_ncs_v3_0_0_nrf_samples_bluetooth_peripheral_lbs_CMAKE_SOURCE_DIR_C__c__nostartfiles__nostdlib__isystem___opt_nordic_ncs_toolchains_ef4fc6722e_opt_zephyr_sdk_arm_zephyr_eabi_bin____lib_gcc_arm_zephyr_eabi_12_2_0_include___isystem___opt_nordic_ncs_toolchains_ef4fc6722e_opt_zephyr_sdk_arm_zephyr_eabi_bin____lib_gcc_arm_zephyr_eabi_12_2_0_include_fixed___Wl___unresolved_symbols_ignore_in_object_files__Wl___entry_0__fuse_ld_bfd succeeded with the following output:
Change Dir: /opt/nordic/ncs/v3.0.0/nrf/samples/bluetooth/peripheral_lbs/build/peripheral_lbs/CMakeFiles/CMakeTmp

Run Build Command(s):/opt/nordic/ncs/toolchains/ef4fc6722e/bin/ninja cmTC_6e836 && [1/2] Building C object CMakeFiles/cmTC_6e836.dir/src.c.obj
[2/2] Linking C executable cmTC_6e836
arm-zephyr-eabi-gcc: warning: CMakeFiles/cmTC_6e836.dir/src.c.obj: linker input file unused because linking not done


Source file was:
int main(void) { return 0; }
Performing C SOURCE FILE Test check_fmacro_prefix_map__opt_nordic_ncs_v3_0_0_zephyr_ZEPHYR_BASE_C__c__nostartfiles__nostdlib__isystem___opt_nordic_ncs_toolchains_ef4fc6722e_opt_zephyr_sdk_arm_zephyr_eabi_bin____lib_gcc_arm_zephyr_eabi_12_2_0_include___isystem___opt_nordic_ncs_toolchains_ef4fc6722e_opt_zephyr_sdk_arm_zephyr_eabi_bin____lib_gcc_arm_zephyr_eabi_12_2_0_include_fixed___Wl___unresolved_symbols_ignore_in_object_files__Wl___entry_0__fuse_ld_bfd succeeded with the following output:
Change Dir: /opt/nordic/ncs/v3.0.0/nrf/samples/bluetooth/peripheral_lbs/build/peripheral_lbs/CMakeFiles/CMakeTmp

Run Build Command(s):/opt/nordic/ncs/toolchains/ef4fc6722e/bin/ninja cmTC_8b9f0 && [1/2] Building C object CMakeFiles/cmTC_8b9f0.dir/src.c.obj
[2/2] Linking C executable cmTC_8b9f0
arm-zephyr-eabi-gcc: warning: CMakeFiles/cmTC_8b9f0.dir/src.c.obj: linker input file unused because linking not done


Source file was:
int main(void) { return 0; }
Performing C SOURCE FILE Test check_fmacro_prefix_map__opt_nordic_ncs_v3_0_0_WEST_TOPDIR_C__c__nostartfiles__nostdlib__isystem___opt_nordic_ncs_toolchains_ef4fc6722e_opt_zephyr_sdk_arm_zephyr_eabi_bin____lib_gcc_arm_zephyr_eabi_12_2_0_include___isystem___opt_nordic_ncs_toolchains_ef4fc6722e_opt_zephyr_sdk_arm_zephyr_eabi_bin____lib_gcc_arm_zephyr_eabi_12_2_0_include_fixed___Wl___unresolved_symbols_ignore_in_object_files__Wl___entry_0__fuse_ld_bfd succeeded with the following output:
Change Dir: /opt/nordic/ncs/v3.0.0/nrf/samples/bluetooth/peripheral_lbs/build/peripheral_lbs/CMakeFiles/CMakeTmp

Run Build Command(s):/opt/nordic/ncs/toolchains/ef4fc6722e/bin/ninja cmTC_d9cac && [1/2] Building C object CMakeFiles/cmTC_d9cac.dir/src.c.obj
[2/2] Linking C executable cmTC_d9cac
arm-zephyr-eabi-gcc: warning: CMakeFiles/cmTC_d9cac.dir/src.c.obj: linker input file unused because linking not done


Source file was:
int main(void) { return 0; }
Performing C SOURCE FILE Test check_ffunction_sections_C__c__nostartfiles__nostdlib__isystem___opt_nordic_ncs_toolchains_ef4fc6722e_opt_zephyr_sdk_arm_zephyr_eabi_bin____lib_gcc_arm_zephyr_eabi_12_2_0_include___isystem___opt_nordic_ncs_toolchains_ef4fc6722e_opt_zephyr_sdk_arm_zephyr_eabi_bin____lib_gcc_arm_zephyr_eabi_12_2_0_include_fixed___Wl___unresolved_symbols_ignore_in_object_files__Wl___entry_0__fuse_ld_bfd succeeded with the following output:
Change Dir: /opt/nordic/ncs/v3.0.0/nrf/samples/bluetooth/peripheral_lbs/build/peripheral_lbs/CMakeFiles/CMakeTmp

Run Build Command(s):/opt/nordic/ncs/toolchains/ef4fc6722e/bin/ninja cmTC_72efd && [1/2] Building C object CMakeFiles/cmTC_72efd.dir/src.c.obj
[2/2] Linking C executable cmTC_72efd
arm-zephyr-eabi-gcc: warning: CMakeFiles/cmTC_72efd.dir/src.c.obj: linker input file unused because linking not done


Source file was:
int main(void) { return 0; }
Performing C SOURCE FILE Test check_fdata_sections_C__c__nostartfiles__nostdlib__isystem___opt_nordic_ncs_toolchains_ef4fc6722e_opt_zephyr_sdk_arm_zephyr_eabi_bin____lib_gcc_arm_zephyr_eabi_12_2_0_include___isystem___opt_nordic_ncs_toolchains_ef4fc6722e_opt_zephyr_sdk_arm_zephyr_eabi_bin____lib_gcc_arm_zephyr_eabi_12_2_0_include_fixed___Wl___unresolved_symbols_ignore_in_object_files__Wl___entry_0__fuse_ld_bfd succeeded with the following output:
Change Dir: /opt/nordic/ncs/v3.0.0/nrf/samples/bluetooth/peripheral_lbs/build/peripheral_lbs/CMakeFiles/CMakeTmp

Run Build Command(s):/opt/nordic/ncs/toolchains/ef4fc6722e/bin/ninja cmTC_60d0a && [1/2] Building C object CMakeFiles/cmTC_60d0a.dir/src.c.obj
[2/2] Linking C executable cmTC_60d0a
arm-zephyr-eabi-gcc: warning: CMakeFiles/cmTC_60d0a.dir/src.c.obj: linker input file unused because linking not done


Source file was:
int main(void) { return 0; }
